{"message":"Unauthorized request to path: /","level":"error"}
{"message":"Unauthorized request to path: /booksmark","level":"error"}
{"message":"Unauthorized request to path: /booksmark","level":"error"}
{"message":"Unauthorized request to path: /","level":"error"}
{"message":"Unauthorized request to path: /booksmark","level":"error"}
{"message":"Unauthorized request to path: /booksmark","level":"error"}
{"message":"Unauthorized request to path: /booksmark","level":"error"}
{"message":"Unauthorized request to path: /booksmarks","level":"error"}
{"message":"Bookmark with id 6276ce94-b702-4172-88f1-04da82038dcb created","level":"info"}
{"message":"Unauthorized request to path: /bookmarks/ckcz8u08y000304vtm8tym5xl","level":"error"}
{"message":"Unauthorized request to path: /bookmarks/ckcz8u08y000304vtm8tym5xl","level":"error"}
{"message":"Bookmark with id ckcz8u08y not found.","level":"error"}
{"message":"Bookmark with id ckcz8u08y not found.","level":"error"}
{"message":"Bookmark with id ckcyr5iyt000204vtxzb1a3te deleted.","level":"info"}
{"message":"Unauthorized request to path: /bookmarks/","level":"error"}
{"message":"Unauthorized request to path: /bookmarks/","level":"error"}
{"message":"Unauthorized request to path: /bookmarks/","level":"error"}
{"message":"Unauthorized request to path: /bookmarks/","level":"error"}
{"message":"Unauthorized request to path: /bookmarks/","level":"error"}
{"message":"Unauthorized request to path: /bookmarks/2","level":"error"}
{"message":"Unauthorized request to path: /bookmarks/ckcyr5iyt000204vtxzb1a3te","level":"error"}
{"message":"Unauthorized request to path: /bookmarks/ckcyr5iyt000204vtxzb1a3te","level":"error"}
{"message":"Unauthorized request to path: /bookmarks/ckcyr5iyt000204vtxzb1a3te","level":"error"}
{"message":"Unauthorized request to path: /","level":"error"}
{"message":"Unauthorized request to path: /","level":"error"}
{"message":"Unauthorized request to path: /","level":"error"}
{"message":"Unauthorized request to path: /bookmarks/","level":"error"}
{"message":"Unauthorized request to path: /","level":"error"}
{"message":"Unauthorized request to path: /bookmarks","level":"error"}
{"message":"Unauthorized request to path: /bookmarks","level":"error"}
{"message":"Unauthorized request to path: /bookmarks","level":"error"}
{"message":"Unauthorized request to path: /bookmarks","level":"error"}
{"message":"Unauthorized request to path: /bookmarks","level":"error"}
{"message":"Unauthorized request to path: /bookmarks","level":"error"}
{"message":"Unauthorized request to path: /bookmarks","level":"error"}
{"message":"Unauthorized request to path: /bookmarks","level":"error"}
{"message":"Unauthorized request to path: /bookmarks","level":"error"}
{"message":"Unauthorized request to path: /bookmarks","level":"error"}
{"message":"Unauthorized request to path: /bookmarks","level":"error"}
{"message":"Unauthorized request to path: /","level":"error"}
{"message":"Unauthorized request to path: /","level":"error"}
{"message":"Unauthorized request to path: /","level":"error"}
{"message":"Unauthorized request to path: /","level":"error"}
{"message":"Unauthorized request to path: /","level":"error"}
{"message":"Unauthorized request to path: /bookmarks","level":"error"}
{"message":"Unauthorized request to path: /bookmarks","level":"error"}
{"message":"Unauthorized request to path: /bookmarks","level":"error"}
{"message":"Unauthorized request to path: /bookmarks/ckcz8u08y000304vtm8tym5xl","level":"error"}
{"message":"Unauthorized request to path: /bookmarks/ckcz8u08y000304vtm8tym5xl","level":"error"}
{"message":"Unauthorized request to path: /bookmarks/ckcz8u08y000304vtm8tym5xl","level":"error"}
{"message":"Unauthorized request to path: /bookmarks/","level":"error"}
{"message":"Unauthorized request to path: /bookmarks/","level":"error"}
{"message":"Unauthorized request to path: /bookmarks/","level":"error"}
{"message":"Unauthorized request to path: /","level":"error"}
{"message":"Unauthorized request to path: /","level":"error"}
{"message":"Unauthorized request to path: /","level":"error"}
{"message":"Unauthorized request to path: /","level":"error"}
{"message":"Unauthorized request to path: /","level":"error"}
{"message":"Unauthorized request to path: /bookmarks","level":"error"}
{"message":"Unauthorized request to path: /bookmarks/ckcz8u08y000304vtm8tym5xl","level":"error"}
{"message":"Unauthorized request to path: /","level":"error"}
{"message":"Unauthorized request to path: /bookmarks","level":"error"}
{"message":"Unauthorized request to path: /","level":"error"}
{"message":"Unauthorized request to path: /","level":"error"}
{"message":"Unauthorized request to path: /bookmarks/ckcz8u08y000304vtm8tym5xl","level":"error"}
{"message":"Unauthorized request to path: /bookmarks","level":"error"}
{"message":"Unauthorized request to path: /bookmarks","level":"error"}
{"message":"Unauthorized request to path: /","level":"error"}
{"message":"Unauthorized request to path: /","level":"error"}
{"message":"Unauthorized request to path: /bookmarks","level":"error"}
{"message":"Unauthorized request to path: /bookmarks","level":"error"}
{"message":"Unauthorized request to path: /bookmarks","level":"error"}
{"message":"Unauthorized request to path: /bookmarks","level":"error"}
{"message":"Unauthorized request to path: /bookmarks","level":"error"}
{"message":"Bookmark with id 2 not found.","level":"error"}
{"message":"Unauthorized request to path: /bookmarks","level":"error"}
{"message":"Unauthorized request to path: /bookmarks2","level":"error"}
{"message":"Unauthorized request to path: /bookmarks","level":"error"}
{"message":"Unauthorized request to path: /bookmarks2","level":"error"}
{"message":"Unauthorized request to path: /bookmarks/","level":"error"}
{"message":"Bookmark with id 2 not found.","level":"error"}
{"message":"Bookmark with id 2 not found.","level":"error"}
{"message":"Bookmark with id 2 not found.","level":"error"}
{"message":"Bookmark with id 2 not found.","level":"error"}
{"message":"Bookmark with id 2 not found.","level":"error"}
{"message":"Bookmark with id 1 not found.","level":"error"}
{"message":"Bookmark with id 3d6a501f-281b-41f0-92d4-86471e6d92d2 created","level":"info"}
{"message":"Bookmark with id 2 not found.","level":"error"}
{"message":"Card with id 4 deleted.","level":"info"}
{"message":"Card with id 1 deleted.","level":"info"}
{"message":"Card with id 1 deleted.","level":"info"}
{"message":"Card with id 1 deleted.","level":"info"}
{"message":"Card with id 1 deleted.","level":"info"}
{"message":"Card with id 8bfbf8ac-b5b8-4348-8339-65eac607d3d8 deleted.","level":"info"}
{"message":"Card with id 1 deleted.","level":"info"}
{"message":"Card with id 1 deleted.","level":"info"}
{"message":"Card with id 1 deleted.","level":"info"}
{"message":"Card with id 1 deleted.","level":"info"}
{"message":"Card with id 1 deleted.","level":"info"}
{"message":"Card with id 1 deleted.","level":"info"}
{"message":"Card with id 1 deleted.","level":"info"}
{"message":"Card with id 1 deleted.","level":"info"}
{"message":"Card with id 1 deleted.","level":"info"}
{"message":"Card with id 1 deleted.","level":"info"}
{"message":"Card with id 2 deleted.","level":"info"}
{"message":"Card with id 2 deleted.","level":"info"}
{"message":"Card with id 2 deleted.","level":"info"}
{"message":"Card with id 2 deleted.","level":"info"}
{"message":"Card with id 2 deleted.","level":"info"}
{"message":"Card with id 2 deleted.","level":"info"}
{"message":"Title is required","level":"error"}
{"message":"Title is required","level":"error"}
{"message":"Card with id 2 deleted.","level":"info"}
{"message":"Title is required","level":"error"}
{"message":"Title is required","level":"error"}
{"message":"Card with id 2 deleted.","level":"info"}
{"message":"URL is required","level":"error"}
{"message":"Card with id 2caa90f0-2c6a-4b56-9690-c9af97ca5659 deleted.","level":"info"}
{"message":"Card with id 2 deleted.","level":"info"}
{"message":"Card with id 2 deleted.","level":"info"}
{"message":"Card with id 2 deleted.","level":"info"}
{"message":"Card with id 2 deleted.","level":"info"}
{"message":"Card with id 2 deleted.","level":"info"}
{"message":"Card with id 2 deleted.","level":"info"}
{"message":"Card with id 2 deleted.","level":"info"}
{"message":"Card with id 2 deleted.","level":"info"}
{"message":"Card with id 2 deleted.","level":"info"}
{"message":"Card with id 2 deleted.","level":"info"}
{"message":"Card with id 2 deleted.","level":"info"}
{"message":"Card with id 2 deleted.","level":"info"}
{"message":"Card with id 2 deleted.","level":"info"}
{"message":"Card with id 2 deleted.","level":"info"}
{"message":"Card with id 2 deleted.","level":"info"}
{"message":"Card with id 2 deleted.","level":"info"}
{"message":"Card with id 2 deleted.","level":"info"}
{"message":"Card with id 2 deleted.","level":"info"}
{"message":"Card with id 2 deleted.","level":"info"}
{"message":"Card with id 2 deleted.","level":"info"}
